<?xml version="1.0" encoding="UTF-8"?>
<!-- Generated by org.testng.reporters.JUnitReportReporter -->
<testsuite hostname="DESKTOP-FUGQNF4" failures="0" tests="1" name="TestCases.EbaySearchAddToCart" time="9.322" errors="0" timestamp="2025-01-15T13:15:35 IST" skipped="0">
  <testcase classname="TestCases.EbaySearchAddToCart" name="searchAndBuySamsungPhone" time="9.322"/>
</testsuite> <!-- TestCases.EbaySearchAddToCart -->
